<?xml version="1.0" encoding="UTF-8"?>
<!-- Generated by org.testng.reporters.JUnitXMLReporter -->
<testsuite ignored="0" hostname="DESKTOP-TP2LVUE" failures="0" tests="7" name="XYZ Bank App Test Cases" time="66.053" errors="0" timestamp="08 Mar 2024 08:22:47 GMT">
  <testcase classname="com.xyz.qa.testcases.Manager_ACTc" name="AddCustomer" time="2.92"/>
  <testcase classname="com.xyz.qa.testcases.Manager_OATc" name="OpenAccount" time="2.532"/>
  <testcase classname="com.xyz.qa.testcases.Login_Tc" name="loginTest" time="2.059"/>
  <testcase classname="com.xyz.qa.testcases.C_AccountTc" name="verifyCustomerAccountDetails" time="0.979"/>
  <testcase classname="com.xyz.qa.testcases.Transaction_Tc" name="Transactions" time="3.695"/>
  <testcase classname="com.xyz.qa.testcases.Deposit_Tc" name="depositAmount" time="2.463"/>
  <testcase classname="com.xyz.qa.testcases.Withdraw_Tc" name="withdrawAmount" time="1.622"/>
</testsuite> <!-- XYZ Bank App Test Cases -->
