<?xml version="1.0" encoding="UTF-8"?>
<testng-results ignored="0" total="1" passed="1" failed="0" skipped="0">
  <reporter-output>
  </reporter-output>
  <suite started-at="2024-03-08T13:16:45Z" name="Default suite" finished-at="2024-03-08T13:16:56Z" duration-ms="10783">
    <groups>
    </groups>
    <test started-at="2024-03-08T13:16:45Z" name="Default test" finished-at="2024-03-08T13:16:56Z" duration-ms="10783">
      <class name="com.xyz.qa.testcases.Withdraw_Tc">
        <test-method is-config="true" signature="setUp()[pri:0, instance:com.xyz.qa.testcases.Withdraw_Tc@68df9280]" started-at="2024-03-08T18:46:45Z" name="setUp" finished-at="2024-03-08T18:46:55Z" duration-ms="9298" status="PASS">
          <reporter-output>
          </reporter-output>
        </test-method> <!-- setUp -->
        <test-method signature="withdrawAmount()[pri:0, instance:com.xyz.qa.testcases.Withdraw_Tc@68df9280]" started-at="2024-03-08T18:46:55Z" name="withdrawAmount" finished-at="2024-03-08T18:46:56Z" duration-ms="1184" status="PASS">
          <reporter-output>
          </reporter-output>
        </test-method> <!-- withdrawAmount -->
        <test-method is-config="true" signature="tearDown()[pri:0, instance:com.xyz.qa.testcases.Withdraw_Tc@68df9280]" started-at="2024-03-08T18:46:56Z" name="tearDown" finished-at="2024-03-08T18:46:56Z" duration-ms="247" status="PASS">
          <reporter-output>
          </reporter-output>
        </test-method> <!-- tearDown -->
      </class> <!-- com.xyz.qa.testcases.Withdraw_Tc -->
    </test> <!-- Default test -->
  </suite> <!-- Default suite -->
</testng-results>
